<?xml version="1.0" encoding="UTF-8"?>
<!-- Generated by org.testng.reporters.JUnitReportReporter -->
<testsuite skipped="0" hostname="Nikhil-LP" name="com.employeeapi.testCases.SumValidation" tests="1" failures="0" timestamp="06 Mar 2021 00:57:23 GMT" time="0.788" errors="0">
  <testcase name="sumOfCourses" time="0.788" classname="com.employeeapi.testCases.SumValidation"/>
</testsuite> <!-- com.employeeapi.testCases.SumValidation -->
